Turbo Assembler	 Version 4.1	    02/09/12 12:26:21	    Page 1
lab1d.asm



      1				     ;PROGRAM 4	OF LAB 1
      2				     ;FILENAME:	Lab1d.asm
      3				     ;FILE FORMAT: EXE
      4	0000			     .MODEL MEDIUM
      5	0000			     .STACK 100
      6	0000			     .DATA
      7	0000  ?? ?? 20 49 53 20	54+  MESSAGE DB	?,?,' IS THE ADDRESS',0DH,0AH,'$'
      8	      48 45 20 41 44 44	52+
      9	      45 53 53 0D 0A 24
     10	0014  10		     VAR DB 10h
     11	0015			     .CODE
     12	0000			     MAIN PROC FAR
     13				     .STARTUP
1    14	0000			     @Startup:
1    15	0000  BA 0000s			     MOV     DX,@data
1    16	0003  8E DA			     MOV     DS,DX
1    17	0005  8C D3			     MOV     BX,SS
1    18	0007  2B DA			     SUB     BX,DX
1    19	0009  D1 E3 D1 E3 D1 E3	D1+	     SHL     BX,4
     20	      E3
1    21	0011  FA			     CLI
1    22	0012  8E D2			     MOV     SS,DX
1    23	0014  03 E3			     ADD     SP,BX
1    24	0016  FB			     STI
     25	0017  BA 0014r		     LEA DX,VAR	;LOAD ADDRESS
     26	001A  81 C2 3030	     ADD DX,3030h ;CONVERT TO ASCII
     27	001E  88 36 0000r	     MOV MESSAGE, DH ;STORE ADDRESS
     28	0022  88 16 0001r	     MOV MESSAGE + 1, DL ;STORE	ADDRESS
     29	0026  BA 0000r		     LEA DX,MESSAGE ;PREPARE FOR PRINT
     30	0029  B4 09		     MOV AH,9 ;SPECIFY PRINT STRING FUNCTION
     31	002B  CD 21		     INT 21H ;CALL DOS
     32				     .EXIT
1    33	002D  B4 4C			     MOV     AH,4Ch
1    34	002F  CD 21			     INT     21h
     35	0031			     MAIN ENDP
     36				     END
Turbo Assembler	 Version 4.1	    02/09/12 12:26:21	    Page 2
Symbol Table




Symbol Name			  Type	 Value

??DATE				  Text	 "02/09/12"
??FILENAME			  Text	 "lab1d	  "
??TIME				  Text	 "12:26:21"
??VERSION			  Number 040A
@32BIT				  Text	 0
@CODE				  Text	 LAB1D_TEXT
@CODESIZE			  Text	 1
@CPU				  Text	 0101H
@CURSEG				  Text	 LAB1D_TEXT
@DATA				  Text	 DGROUP
@DATASIZE			  Text	 0
@FILENAME			  Text	 LAB1D
@INTERFACE			  Text	 000H
@MODEL				  Text	 4
@STACK				  Text	 DGROUP
@STARTUP			  Near	 LAB1D_TEXT:0000
@WORDSIZE			  Text	 2
MAIN				  Far	 LAB1D_TEXT:0000
MESSAGE				  Byte	 DGROUP:0000
VAR				  Byte	 DGROUP:0014

Groups & Segments		  Bit Size Align  Combine Class

DGROUP				  Group
  STACK				  16  0064 Para	  Stack	  STACK
  _DATA				  16  0015 Word	  Public  DATA
LAB1D_TEXT			  16  0031 Word	  Public  CODE
